#
# There is insufficient memory for the Java Runtime Environment to continue.
# Native memory allocation (malloc) failed to allocate 312256 bytes for Chunk::new
# Possible reasons:
#   The system is out of physical RAM or swap space
#   The process is running with CompressedOops enabled, and the Java Heap may be blocking the growth of the native heap
# Possible solutions:
#   Reduce memory load on the system
#   Increase physical memory or swap space
#   Check if swap backing store is full
#   Decrease Java heap size (-Xmx/-Xms)
#   Decrease number of Java threads
#   Decrease Java thread stack sizes (-Xss)
#   Set larger code cache with -XX:ReservedCodeCacheSize=
#   JVM is running with Unscaled Compressed Oops mode in which the Java heap is
#     placed in the first 4GB address space. The Java Heap base address is the
#     maximum limit for the native heap growth. Please use -XX:HeapBaseMinAddress
#     to set the Java Heap base and to place the Java Heap above 4GB virtual address.
# This output file may be truncated or incomplete.
#
#  Out of Memory Error (./src/hotspot/share/memory/arena.cpp:197), pid=25912, tid=16560
#
# JRE version: OpenJDK Runtime Environment (11.0.8+10) (build 11.0.8+10-b944.6842174)
# Java VM: OpenJDK 64-Bit Server VM (11.0.8+10-b944.6842174, mixed mode, tiered, compressed oops, g1 gc, windows-amd64)
# No core dump will be written. Minidumps are not enabled by default on client versions of Windows
#

---------------  S U M M A R Y ------------

Command Line: --add-opens=java.base/java.util=ALL-UNNAMED --add-opens=java.base/java.lang=ALL-UNNAMED --add-opens=java.base/java.lang.invoke=ALL-UNNAMED --add-opens=java.prefs/java.util.prefs=ALL-UNNAMED -Xmx2048m -Dfile.encoding=UTF-8 -Duser.country=SE -Duser.language=sv -Duser.variant org.gradle.launcher.daemon.bootstrap.GradleDaemon 6.7.1

Host: Intel(R) Core(TM) i3-6006U CPU @ 2.00GHz, 4 cores, 7G,  Windows 10 , 64 bit Build 19041 (10.0.19041.928)
Time: Sun Jun 13 10:36:49 2021 Västeuropa, sommartid elapsed time: 36 seconds (0d 0h 0m 36s)

---------------  T H R E A D  ---------------

Current thread (0x00000257ff52e800):  JavaThread "C2 CompilerThread0" daemon [_thread_in_native, id=16560, stack(0x000000eb48300000,0x000000eb48400000)]


Current CompileTask:
C2:  36345 4484       4       org.objectweb.asm.FieldWriter::computeFieldInfoSize (86 bytes)

Stack: [0x000000eb48300000,0x000000eb48400000]
Native frames: (J=compiled Java code, j=interpreted, Vv=VM code, C=native code)
V  [jvm.dll+0x5de50a]
V  [jvm.dll+0x7122f5]
V  [jvm.dll+0x71384d]
V  [jvm.dll+0x713f03]
V  [jvm.dll+0x23e728]
V  [jvm.dll+0xb899c]
V  [jvm.dll+0xb8e9c]
V  [jvm.dll+0x2b20e4]
V  [jvm.dll+0x502098]
V  [jvm.dll+0x1ff393]
V  [jvm.dll+0x1f917c]
V  [jvm.dll+0x1f685f]
V  [jvm.dll+0x17f32c]
V  [jvm.dll+0x205047]
V  [jvm.dll+0x203891]
V  [jvm.dll+0x6dad3f]
V  [jvm.dll+0x6d3895]
V  [jvm.dll+0x5dd4a6]
C  [ucrtbase.dll+0x21bb2]
C  [KERNEL32.DLL+0x17034]
C  [ntdll.dll+0x52651]


---------------  P R O C E S S  ---------------

Threads class SMR info:
_java_thread_list=0x00000257882b9dd0, length=50, elements={
0x00000257e7b6e000, 0x00000257ff512800, 0x00000257ff514000, 0x0000025784042800,
0x00000257ff52b800, 0x00000257ff52e800, 0x00000257ff535000, 0x00000257ff539000,
0x0000025784173000, 0x00000257841aa800, 0x0000025784a0d800, 0x0000025784eca800,
0x0000025785dc3800, 0x00000257859d6800, 0x00000257849d8000, 0x00000257860c3800,
0x00000257860c4800, 0x0000025785bad800, 0x0000025785cb1800, 0x0000025785c7b000,
0x0000025784a12800, 0x0000025784a14000, 0x0000025784a10000, 0x0000025784a11800,
0x0000025784a15000, 0x0000025784a13000, 0x0000025784a0f000, 0x0000025784a15800,
0x0000025784a11000, 0x0000025784337800, 0x0000025784338800, 0x000002578433b000,
0x0000025784339800, 0x000002578433a000, 0x000002578433c800, 0x000002578433c000,
0x0000025784337000, 0x0000025784342800, 0x000002578433f000, 0x0000025784340000,
0x0000025784340800, 0x000002578433d800, 0x0000025784341800, 0x0000025784343000,
0x0000025784344000, 0x000002578433e000, 0x0000025784345000, 0x0000025784345800,
0x0000025788589000, 0x0000025788587800
}

Java Threads: ( => current thread )
  0x00000257e7b6e000 JavaThread "main" [_thread_blocked, id=4684, stack(0x000000eb47800000,0x000000eb47900000)]
  0x00000257ff512800 JavaThread "Reference Handler" daemon [_thread_blocked, id=15180, stack(0x000000eb47f00000,0x000000eb48000000)]
  0x00000257ff514000 JavaThread "Finalizer" daemon [_thread_blocked, id=17904, stack(0x000000eb48000000,0x000000eb48100000)]
  0x0000025784042800 JavaThread "Signal Dispatcher" daemon [_thread_blocked, id=20492, stack(0x000000eb48100000,0x000000eb48200000)]
  0x00000257ff52b800 JavaThread "Attach Listener" daemon [_thread_blocked, id=21872, stack(0x000000eb48200000,0x000000eb48300000)]
=>0x00000257ff52e800 JavaThread "C2 CompilerThread0" daemon [_thread_in_native, id=16560, stack(0x000000eb48300000,0x000000eb48400000)]
  0x00000257ff535000 JavaThread "C1 CompilerThread0" daemon [_thread_blocked, id=23692, stack(0x000000eb48400000,0x000000eb48500000)]
  0x00000257ff539000 JavaThread "Sweeper thread" daemon [_thread_blocked, id=27636, stack(0x000000eb48500000,0x000000eb48600000)]
  0x0000025784173000 JavaThread "Common-Cleaner" daemon [_thread_blocked, id=14084, stack(0x000000eb48600000,0x000000eb48700000)]
  0x00000257841aa800 JavaThread "Service Thread" daemon [_thread_blocked, id=7724, stack(0x000000eb48700000,0x000000eb48800000)]
  0x0000025784a0d800 JavaThread "Daemon health stats" [_thread_blocked, id=22908, stack(0x000000eb48b00000,0x000000eb48c00000)]
  0x0000025784eca800 JavaThread "Incoming local TCP Connector on port 53777" [_thread_in_native, id=19988, stack(0x000000eb48e00000,0x000000eb48f00000)]
  0x0000025785dc3800 JavaThread "Daemon periodic checks" [_thread_blocked, id=10140, stack(0x000000eb48f00000,0x000000eb49000000)]
  0x00000257859d6800 JavaThread "Daemon" [_thread_blocked, id=9556, stack(0x000000eb49000000,0x000000eb49100000)]
  0x00000257849d8000 JavaThread "Handler for socket connection from /127.0.0.1:53777 to /127.0.0.1:53778" [_thread_in_native, id=23416, stack(0x000000eb49100000,0x000000eb49200000)]
  0x00000257860c3800 JavaThread "Cancel handler" [_thread_blocked, id=20088, stack(0x000000eb49200000,0x000000eb49300000)]
  0x00000257860c4800 JavaThread "Daemon worker" [_thread_in_native, id=10700, stack(0x000000eb49300000,0x000000eb49400000)]
  0x0000025785bad800 JavaThread "Asynchronous log dispatcher for DefaultDaemonConnection: socket connection from /127.0.0.1:53777 to /127.0.0.1:53778" [_thread_blocked, id=6992, stack(0x000000eb49400000,0x000000eb49500000)]
  0x0000025785cb1800 JavaThread "Stdin handler" [_thread_blocked, id=19884, stack(0x000000eb49500000,0x000000eb49600000)]
  0x0000025785c7b000 JavaThread "Thread-8" [_thread_blocked, id=10416, stack(0x000000eb49600000,0x000000eb49700000)]
  0x0000025784a12800 JavaThread "Cache worker for file hash cache (C:\Users\rissl\.gradle\caches\6.7.1\fileHashes)" [_thread_blocked, id=9112, stack(0x000000eb49800000,0x000000eb49900000)]
  0x0000025784a14000 JavaThread "File lock request listener" [_thread_in_native, id=11436, stack(0x000000eb49900000,0x000000eb49a00000)]
  0x0000025784a10000 JavaThread "Cache worker for journal cache (C:\Users\rissl\.gradle\caches\journal-1)" [_thread_blocked, id=6316, stack(0x000000eb49a00000,0x000000eb49b00000)]
  0x0000025784a11800 JavaThread "Cache worker for file hash cache (C:\Users\rissl\Documents\Project\AirlineTicketApplication\.gradle\6.7.1\fileHashes)" [_thread_blocked, id=3900, stack(0x000000eb49b00000,0x000000eb49c00000)]
  0x0000025784a15000 JavaThread "jar transforms" [_thread_blocked, id=8696, stack(0x000000eb49c00000,0x000000eb49d00000)]
  0x0000025784a13000 JavaThread "jar transforms Thread 2" [_thread_blocked, id=11276, stack(0x000000eb49d00000,0x000000eb49e00000)]
  0x0000025784a0f000 JavaThread "jar transforms Thread 3" [_thread_blocked, id=18132, stack(0x000000eb49e00000,0x000000eb49f00000)]
  0x0000025784a15800 JavaThread "jar transforms Thread 4" [_thread_blocked, id=16452, stack(0x000000eb49f00000,0x000000eb4a000000)]
  0x0000025784a11000 JavaThread "jar transforms Thread 5" [_thread_blocked, id=27372, stack(0x000000eb4a000000,0x000000eb4a100000)]
  0x0000025784337800 JavaThread "jar transforms Thread 6" [_thread_blocked, id=16468, stack(0x000000eb4a100000,0x000000eb4a200000)]
  0x0000025784338800 JavaThread "jar transforms Thread 7" [_thread_blocked, id=7840, stack(0x000000eb4a200000,0x000000eb4a300000)]
  0x000002578433b000 JavaThread "jar transforms Thread 8" [_thread_blocked, id=15612, stack(0x000000eb4a300000,0x000000eb4a400000)]
  0x0000025784339800 JavaThread "jar transforms Thread 9" [_thread_blocked, id=10360, stack(0x000000eb4a400000,0x000000eb4a500000)]
  0x000002578433a000 JavaThread "jar transforms Thread 10" [_thread_blocked, id=20532, stack(0x000000eb4a500000,0x000000eb4a600000)]
  0x000002578433c800 JavaThread "jar transforms Thread 11" [_thread_blocked, id=15016, stack(0x000000eb4a600000,0x000000eb4a700000)]
  0x000002578433c000 JavaThread "jar transforms Thread 12" [_thread_blocked, id=19376, stack(0x000000eb4a700000,0x000000eb4a800000)]
  0x0000025784337000 JavaThread "jar transforms Thread 13" [_thread_blocked, id=18876, stack(0x000000eb4a800000,0x000000eb4a900000)]
  0x0000025784342800 JavaThread "jar transforms Thread 14" [_thread_blocked, id=11116, stack(0x000000eb4a900000,0x000000eb4aa00000)]
  0x000002578433f000 JavaThread "jar transforms Thread 15" [_thread_blocked, id=26816, stack(0x000000eb4aa00000,0x000000eb4ab00000)]
  0x0000025784340000 JavaThread "jar transforms Thread 16" [_thread_blocked, id=27456, stack(0x000000eb4ab00000,0x000000eb4ac00000)]
  0x0000025784340800 JavaThread "jar transforms Thread 17" [_thread_blocked, id=13208, stack(0x000000eb4ac00000,0x000000eb4ad00000)]
  0x000002578433d800 JavaThread "jar transforms Thread 18" [_thread_blocked, id=27216, stack(0x000000eb4ad00000,0x000000eb4ae00000)]
  0x0000025784341800 JavaThread "jar transforms Thread 19" [_thread_blocked, id=24208, stack(0x000000eb4ae00000,0x000000eb4af00000)]
  0x0000025784343000 JavaThread "jar transforms Thread 20" [_thread_blocked, id=12836, stack(0x000000eb4af00000,0x000000eb4b000000)]
  0x0000025784344000 JavaThread "jar transforms Thread 21" [_thread_blocked, id=11244, stack(0x000000eb4b000000,0x000000eb4b100000)]
  0x000002578433e000 JavaThread "Cache worker for checksums cache (C:\Users\rissl\Documents\Project\AirlineTicketApplication\.gradle\checksums)" [_thread_blocked, id=15084, stack(0x000000eb4b100000,0x000000eb4b200000)]
  0x0000025784345000 JavaThread "Cache worker for cache directory md-supplier (C:\Users\rissl\.gradle\caches\6.7.1\md-supplier)" [_thread_blocked, id=23260, stack(0x000000eb4b200000,0x000000eb4b300000)]
  0x0000025784345800 JavaThread "Cache worker for cache directory md-rule (C:\Users\rissl\.gradle\caches\6.7.1\md-rule)" [_thread_blocked, id=5116, stack(0x000000eb4b300000,0x000000eb4b400000)]
  0x0000025788589000 JavaThread "Cache worker for execution history cache (C:\Users\rissl\.gradle\caches\6.7.1\executionHistory)" [_thread_blocked, id=20424, stack(0x000000eb4b400000,0x000000eb4b500000)]
  0x0000025788587800 JavaThread "Cache worker for file content cache (C:\Users\rissl\.gradle\caches\6.7.1\fileContent)" [_thread_blocked, id=26716, stack(0x000000eb4b500000,0x000000eb4b600000)]

Other Threads:
  0x00000257ff50c800 VMThread "VM Thread" [stack: 0x000000eb47e00000,0x000000eb47f00000] [id=2912]
  0x00000257841ab800 WatcherThread [stack: 0x000000eb48800000,0x000000eb48900000] [id=10216]
  0x00000257e7b86000 GCTaskThread "GC Thread#0" [stack: 0x000000eb47900000,0x000000eb47a00000] [id=25944]
  0x0000025784303800 GCTaskThread "GC Thread#1" [stack: 0x000000eb48900000,0x000000eb48a00000] [id=10704]
  0x000002578454f000 GCTaskThread "GC Thread#2" [stack: 0x000000eb48a00000,0x000000eb48b00000] [id=10664]
  0x000002578627d000 GCTaskThread "GC Thread#3" [stack: 0x000000eb49700000,0x000000eb49800000] [id=26656]
  0x00000257e7bb8800 ConcurrentGCThread "G1 Main Marker" [stack: 0x000000eb47a00000,0x000000eb47b00000] [id=5840]
  0x00000257e7bba000 ConcurrentGCThread "G1 Conc#0" [stack: 0x000000eb47b00000,0x000000eb47c00000] [id=23760]
  0x00000257e7c46800 ConcurrentGCThread "G1 Refine#0" [stack: 0x000000eb47c00000,0x000000eb47d00000] [id=26908]
  0x00000257e7c47800 ConcurrentGCThread "G1 Young RemSet Sampling" [stack: 0x000000eb47d00000,0x000000eb47e00000] [id=25872]

Threads with active compile tasks:
C2 CompilerThread0  36448 4484       4       org.objectweb.asm.FieldWriter::computeFieldInfoSize (86 bytes)

VM state:not at safepoint (normal execution)

VM Mutex/Monitor currently owned by a thread: None

OutOfMemory and StackOverflow Exception counts:
OutOfMemoryError java_heap_errors=1
LinkageErrors=101

Heap address: 0x0000000080000000, size: 2048 MB, Compressed Oops mode: 32-bit
Narrow klass base: 0x0000000000000000, Narrow klass shift: 3
Compressed class space size: 1073741824 Address: 0x0000000100000000

Heap:
 garbage-first heap   total 278528K, used 148877K [0x0000000080000000, 0x0000000100000000)
  region size 1024K, 49 young (50176K), 16 survivors (16384K)
 Metaspace       used 44058K, capacity 45085K, committed 45180K, reserved 1089536K
  class space    used 5493K, capacity 5879K, committed 5888K, reserved 1048576K
Heap Regions: E=young(eden), S=young(survivor), O=old, HS=humongous(starts), HC=humongous(continues), CS=collection set, F=free, A=archive, TAMS=top-at-mark-start (previous, next)
|   0|0x0000000080000000, 0x0000000080100000, 0x0000000080100000|100%| O|  |TAMS 0x0000000080100000, 0x0000000080000000| Untracked 
|   1|0x0000000080100000, 0x0000000080200000, 0x0000000080200000|100%| O|  |TAMS 0x0000000080200000, 0x0000000080100000| Untracked 
|   2|0x0000000080200000, 0x0000000080300000, 0x0000000080300000|100%| O|  |TAMS 0x0000000080300000, 0x0000000080200000| Untracked 
|   3|0x0000000080300000, 0x0000000080400000, 0x0000000080400000|100%|HS|  |TAMS 0x0000000080400000, 0x0000000080300000| Complete 
|   4|0x0000000080400000, 0x0000000080500000, 0x0000000080500000|100%|HC|  |TAMS 0x0000000080500000, 0x0000000080400000| Complete 
|   5|0x0000000080500000, 0x0000000080600000, 0x0000000080600000|100%|HC|  |TAMS 0x0000000080600000, 0x0000000080500000| Complete 
|   6|0x0000000080600000, 0x0000000080700000, 0x0000000080700000|100%| O|  |TAMS 0x0000000080700000, 0x0000000080600000| Untracked 
|   7|0x0000000080700000, 0x0000000080800000, 0x0000000080800000|100%| O|  |TAMS 0x0000000080800000, 0x0000000080700000| Untracked 
|   8|0x0000000080800000, 0x0000000080900000, 0x0000000080900000|100%| O|  |TAMS 0x0000000080900000, 0x0000000080800000| Untracked 
|   9|0x0000000080900000, 0x0000000080a00000, 0x0000000080a00000|100%| O|  |TAMS 0x0000000080a00000, 0x0000000080900000| Untracked 
|  10|0x0000000080a00000, 0x0000000080b00000, 0x0000000080b00000|100%| O|  |TAMS 0x0000000080b00000, 0x0000000080a00000| Untracked 
|  11|0x0000000080b00000, 0x0000000080c00000, 0x0000000080c00000|100%| O|  |TAMS 0x0000000080c00000, 0x0000000080b00000| Untracked 
|  12|0x0000000080c00000, 0x0000000080d00000, 0x0000000080d00000|100%| O|  |TAMS 0x0000000080d00000, 0x0000000080c00000| Untracked 
|  13|0x0000000080d00000, 0x0000000080e00000, 0x0000000080e00000|100%|HS|  |TAMS 0x0000000080e00000, 0x0000000080d00000| Complete 
|  14|0x0000000080e00000, 0x0000000080f00000, 0x0000000080f00000|100%|HC|  |TAMS 0x0000000080f00000, 0x0000000080e00000| Complete 
|  15|0x0000000080f00000, 0x0000000081000000, 0x0000000081000000|100%|HS|  |TAMS 0x0000000081000000, 0x0000000080f00000| Complete 
|  16|0x0000000081000000, 0x0000000081100000, 0x0000000081100000|100%|HC|  |TAMS 0x0000000081100000, 0x0000000081000000| Complete 
|  17|0x0000000081100000, 0x0000000081200000, 0x0000000081200000|100%|HC|  |TAMS 0x0000000081200000, 0x0000000081100000| Complete 
|  18|0x0000000081200000, 0x0000000081300000, 0x0000000081300000|100%|HS|  |TAMS 0x0000000081300000, 0x0000000081200000| Complete 
|  19|0x0000000081300000, 0x0000000081400000, 0x0000000081400000|100%|HC|  |TAMS 0x0000000081400000, 0x0000000081300000| Complete 
|  20|0x0000000081400000, 0x0000000081500000, 0x0000000081500000|100%|HC|  |TAMS 0x0000000081500000, 0x0000000081400000| Complete 
|  21|0x0000000081500000, 0x0000000081600000, 0x0000000081600000|100%|HC|  |TAMS 0x0000000081600000, 0x0000000081500000| Complete 
|  22|0x0000000081600000, 0x0000000081700000, 0x0000000081700000|100%| O|  |TAMS 0x0000000081700000, 0x0000000081600000| Untracked 
|  23|0x0000000081700000, 0x0000000081800000, 0x0000000081800000|100%| O|  |TAMS 0x0000000081800000, 0x0000000081700000| Untracked 
|  24|0x0000000081800000, 0x0000000081900000, 0x0000000081900000|100%| O|  |TAMS 0x0000000081900000, 0x0000000081800000| Untracked 
|  25|0x0000000081900000, 0x0000000081a00000, 0x0000000081a00000|100%| O|  |TAMS 0x0000000081a00000, 0x0000000081900000| Untracked 
|  26|0x0000000081a00000, 0x0000000081b00000, 0x0000000081b00000|100%| O|  |TAMS 0x0000000081b00000, 0x0000000081a00000| Untracked 
|  27|0x0000000081b00000, 0x0000000081c00000, 0x0000000081c00000|100%| O|  |TAMS 0x0000000081c00000, 0x0000000081b00000| Untracked 
|  28|0x0000000081c00000, 0x0000000081d00000, 0x0000000081d00000|100%| O|  |TAMS 0x0000000081d00000, 0x0000000081c00000| Untracked 
|  29|0x0000000081d00000, 0x0000000081e00000, 0x0000000081e00000|100%| O|  |TAMS 0x0000000081e00000, 0x0000000081d00000| Untracked 
|  30|0x0000000081e00000, 0x0000000081f00000, 0x0000000081f00000|100%| O|  |TAMS 0x0000000081f00000, 0x0000000081e00000| Untracked 
|  31|0x0000000081f00000, 0x0000000082000000, 0x0000000082000000|100%| O|  |TAMS 0x0000000082000000, 0x0000000081f00000| Untracked 
|  32|0x0000000082000000, 0x0000000082100000, 0x0000000082100000|100%| O|  |TAMS 0x0000000082100000, 0x0000000082000000| Untracked 
|  33|0x0000000082100000, 0x0000000082200000, 0x0000000082200000|100%| O|  |TAMS 0x0000000082200000, 0x0000000082100000| Untracked 
|  34|0x0000000082200000, 0x0000000082300000, 0x0000000082300000|100%| O|  |TAMS 0x0000000082300000, 0x0000000082200000| Untracked 
|  35|0x0000000082300000, 0x0000000082400000, 0x0000000082400000|100%| O|  |TAMS 0x0000000082400000, 0x0000000082300000| Untracked 
|  36|0x0000000082400000, 0x0000000082500000, 0x0000000082500000|100%| O|  |TAMS 0x0000000082500000, 0x0000000082400000| Untracked 
|  37|0x0000000082500000, 0x0000000082600000, 0x0000000082600000|100%| O|  |TAMS 0x0000000082600000, 0x0000000082500000| Untracked 
|  38|0x0000000082600000, 0x0000000082700000, 0x0000000082700000|100%| O|  |TAMS 0x0000000082700000, 0x0000000082600000| Untracked 
|  39|0x0000000082700000, 0x0000000082800000, 0x0000000082800000|100%| O|  |TAMS 0x0000000082800000, 0x0000000082700000| Untracked 
|  40|0x0000000082800000, 0x0000000082900000, 0x0000000082900000|100%| O|  |TAMS 0x0000000082900000, 0x0000000082800000| Untracked 
|  41|0x0000000082900000, 0x0000000082a00000, 0x0000000082a00000|100%| O|  |TAMS 0x0000000082a00000, 0x0000000082900000| Untracked 
|  42|0x0000000082a00000, 0x0000000082b00000, 0x0000000082b00000|100%| O|  |TAMS 0x0000000082a55400, 0x0000000082a00000| Untracked 
|  43|0x0000000082b00000, 0x0000000082c00000, 0x0000000082c00000|100%| O|  |TAMS 0x0000000082b00000, 0x0000000082b00000| Untracked 
|  44|0x0000000082c00000, 0x0000000082d00000, 0x0000000082d00000|100%| O|  |TAMS 0x0000000082c00000, 0x0000000082c00000| Untracked 
|  45|0x0000000082d00000, 0x0000000082e00000, 0x0000000082e00000|100%| O|  |TAMS 0x0000000082d00000, 0x0000000082d00000| Untracked 
|  46|0x0000000082e00000, 0x0000000082f00000, 0x0000000082f00000|100%| O|  |TAMS 0x0000000082e00000, 0x0000000082e00000| Untracked 
|  47|0x0000000082f00000, 0x0000000083000000, 0x0000000083000000|100%| O|  |TAMS 0x0000000082f00000, 0x0000000082f00000| Untracked 
|  48|0x0000000083000000, 0x0000000083100000, 0x0000000083100000|100%| O|  |TAMS 0x0000000083000000, 0x0000000083000000| Untracked 
|  49|0x0000000083100000, 0x0000000083200000, 0x0000000083200000|100%| O|  |TAMS 0x0000000083200000, 0x0000000083100000| Untracked 
|  50|0x0000000083200000, 0x0000000083300000, 0x0000000083300000|100%|HS|  |TAMS 0x0000000083200000, 0x0000000083200000| Complete 
|  51|0x0000000083300000, 0x0000000083400000, 0x0000000083400000|100%|HC|  |TAMS 0x0000000083300000, 0x0000000083300000| Complete 
|  52|0x0000000083400000, 0x0000000083500000, 0x0000000083500000|100%|HC|  |TAMS 0x0000000083400000, 0x0000000083400000| Complete 
|  53|0x0000000083500000, 0x0000000083600000, 0x0000000083600000|100%| O|  |TAMS 0x0000000083500000, 0x0000000083500000| Untracked 
|  54|0x0000000083600000, 0x0000000083700000, 0x0000000083700000|100%| O|  |TAMS 0x0000000083600000, 0x0000000083600000| Untracked 
|  55|0x0000000083700000, 0x0000000083800000, 0x0000000083800000|100%| O|  |TAMS 0x0000000083700000, 0x0000000083700000| Untracked 
|  56|0x0000000083800000, 0x0000000083900000, 0x0000000083900000|100%| O|  |TAMS 0x0000000083800000, 0x0000000083800000| Untracked 
|  57|0x0000000083900000, 0x0000000083a00000, 0x0000000083a00000|100%| O|  |TAMS 0x0000000083900000, 0x0000000083900000| Untracked 
|  58|0x0000000083a00000, 0x0000000083b00000, 0x0000000083b00000|100%| O|  |TAMS 0x0000000083a00000, 0x0000000083a00000| Untracked 
|  59|0x0000000083b00000, 0x0000000083c00000, 0x0000000083c00000|100%| O|  |TAMS 0x0000000083b00000, 0x0000000083b00000| Untracked 
|  60|0x0000000083c00000, 0x0000000083d00000, 0x0000000083d00000|100%| O|  |TAMS 0x0000000083c00000, 0x0000000083c00000| Untracked 
|  61|0x0000000083d00000, 0x0000000083e00000, 0x0000000083e00000|100%| O|  |TAMS 0x0000000083d00000, 0x0000000083d00000| Untracked 
|  62|0x0000000083e00000, 0x0000000083f00000, 0x0000000083f00000|100%| O|  |TAMS 0x0000000083e00000, 0x0000000083e00000| Untracked 
|  63|0x0000000083f00000, 0x0000000084000000, 0x0000000084000000|100%| O|  |TAMS 0x0000000083f00000, 0x0000000083f00000| Untracked 
|  64|0x0000000084000000, 0x0000000084100000, 0x0000000084100000|100%| O|  |TAMS 0x0000000084000000, 0x0000000084000000| Untracked 
|  65|0x0000000084100000, 0x0000000084200000, 0x0000000084200000|100%| O|  |TAMS 0x0000000084100000, 0x0000000084100000| Untracked 
|  66|0x0000000084200000, 0x0000000084300000, 0x0000000084300000|100%| O|  |TAMS 0x0000000084300000, 0x0000000084200000| Untracked 
|  67|0x0000000084300000, 0x0000000084400000, 0x0000000084400000|100%| O|  |TAMS 0x0000000084300000, 0x0000000084300000| Untracked 
|  68|0x0000000084400000, 0x0000000084500000, 0x0000000084500000|100%| O|  |TAMS 0x0000000084400000, 0x0000000084400000| Untracked 
|  69|0x0000000084500000, 0x0000000084600000, 0x0000000084600000|100%| O|  |TAMS 0x0000000084500000, 0x0000000084500000| Untracked 
|  70|0x0000000084600000, 0x0000000084700000, 0x0000000084700000|100%| O|  |TAMS 0x0000000084700000, 0x0000000084600000| Untracked 
|  71|0x0000000084700000, 0x0000000084800000, 0x0000000084800000|100%| O|  |TAMS 0x0000000084800000, 0x0000000084700000| Untracked 
|  72|0x0000000084800000, 0x0000000084900000, 0x0000000084900000|100%| O|  |TAMS 0x0000000084800000, 0x0000000084800000| Untracked 
|  73|0x0000000084900000, 0x0000000084a00000, 0x0000000084a00000|100%| O|  |TAMS 0x0000000084a00000, 0x0000000084900000| Untracked 
|  74|0x0000000084a00000, 0x0000000084b00000, 0x0000000084b00000|100%| O|  |TAMS 0x0000000084b00000, 0x0000000084a00000| Untracked 
|  75|0x0000000084b00000, 0x0000000084c00000, 0x0000000084c00000|100%| O|  |TAMS 0x0000000084b00000, 0x0000000084b00000| Untracked 
|  76|0x0000000084c00000, 0x0000000084d00000, 0x0000000084d00000|100%| O|  |TAMS 0x0000000084c00000, 0x0000000084c00000| Untracked 
|  77|0x0000000084d00000, 0x0000000084e00000, 0x0000000084e00000|100%| O|  |TAMS 0x0000000084d00000, 0x0000000084d00000| Untracked 
|  78|0x0000000084e00000, 0x0000000084f00000, 0x0000000084f00000|100%| O|  |TAMS 0x0000000084e00000, 0x0000000084e00000| Untracked 
|  79|0x0000000084f00000, 0x0000000085000000, 0x0000000085000000|100%| O|  |TAMS 0x0000000085000000, 0x0000000084f00000| Untracked 
|  80|0x0000000085000000, 0x0000000085100000, 0x0000000085100000|100%| O|  |TAMS 0x0000000085000000, 0x0000000085000000| Untracked 
|  81|0x0000000085100000, 0x0000000085200000, 0x0000000085200000|100%| O|  |TAMS 0x0000000085100000, 0x0000000085100000| Untracked 
|  82|0x0000000085200000, 0x0000000085300000, 0x0000000085300000|100%| O|  |TAMS 0x0000000085200000, 0x0000000085200000| Untracked 
|  83|0x0000000085300000, 0x0000000085300000, 0x0000000085400000|  0%| F|  |TAMS 0x0000000085300000, 0x0000000085300000| Untracked 
|  84|0x0000000085400000, 0x0000000085400000, 0x0000000085500000|  0%| F|  |TAMS 0x0000000085400000, 0x0000000085400000| Untracked 
|  85|0x0000000085500000, 0x0000000085500000, 0x0000000085600000|  0%| F|  |TAMS 0x0000000085500000, 0x0000000085500000| Untracked 
|  86|0x0000000085600000, 0x0000000085600000, 0x0000000085700000|  0%| F|  |TAMS 0x0000000085600000, 0x0000000085600000| Untracked 
|  87|0x0000000085700000, 0x0000000085700000, 0x0000000085800000|  0%| F|  |TAMS 0x0000000085700000, 0x0000000085700000| Untracked 
|  88|0x0000000085800000, 0x0000000085800000, 0x0000000085900000|  0%| F|  |TAMS 0x0000000085800000, 0x0000000085800000| Untracked 
|  89|0x0000000085900000, 0x0000000085900000, 0x0000000085a00000|  0%| F|  |TAMS 0x0000000085900000, 0x0000000085900000| Untracked 
|  90|0x0000000085a00000, 0x0000000085a00000, 0x0000000085b00000|  0%| F|  |TAMS 0x0000000085a00000, 0x0000000085a00000| Untracked 
|  91|0x0000000085b00000, 0x0000000085b00000, 0x0000000085c00000|  0%| F|  |TAMS 0x0000000085b00000, 0x0000000085b00000| Untracked 
|  92|0x0000000085c00000, 0x0000000085c00000, 0x0000000085d00000|  0%| F|  |TAMS 0x0000000085c00000, 0x0000000085c00000| Untracked 
|  93|0x0000000085d00000, 0x0000000085d00000, 0x0000000085e00000|  0%| F|  |TAMS 0x0000000085d00000, 0x0000000085d00000| Untracked 
|  94|0x0000000085e00000, 0x0000000085e00000, 0x0000000085f00000|  0%| F|  |TAMS 0x0000000085e00000, 0x0000000085e00000| Untracked 
|  95|0x0000000085f00000, 0x0000000085f00000, 0x0000000086000000|  0%| F|  |TAMS 0x0000000085f00000, 0x0000000085f00000| Untracked 
|  96|0x0000000086000000, 0x0000000086000000, 0x0000000086100000|  0%| F|  |TAMS 0x0000000086000000, 0x0000000086000000| Untracked 
|  97|0x0000000086100000, 0x0000000086100000, 0x0000000086200000|  0%| F|  |TAMS 0x0000000086100000, 0x0000000086100000| Untracked 
|  98|0x0000000086200000, 0x0000000086200000, 0x0000000086300000|  0%| F|  |TAMS 0x0000000086200000, 0x0000000086200000| Untracked 
|  99|0x0000000086300000, 0x0000000086300000, 0x0000000086400000|  0%| F|  |TAMS 0x0000000086300000, 0x0000000086300000| Untracked 
| 100|0x0000000086400000, 0x0000000086400000, 0x0000000086500000|  0%| F|  |TAMS 0x0000000086400000, 0x0000000086400000| Untracked 
| 101|0x0000000086500000, 0x0000000086500000, 0x0000000086600000|  0%| F|  |TAMS 0x0000000086500000, 0x0000000086500000| Untracked 
| 102|0x0000000086600000, 0x0000000086600000, 0x0000000086700000|  0%| F|  |TAMS 0x0000000086600000, 0x0000000086600000| Untracked 
| 103|0x0000000086700000, 0x0000000086800000, 0x0000000086800000|100%| O|  |TAMS 0x0000000086800000, 0x0000000086700000| Untracked 
| 104|0x0000000086800000, 0x0000000086800000, 0x0000000086900000|  0%| F|  |TAMS 0x0000000086800000, 0x0000000086800000| Untracked 
| 105|0x0000000086900000, 0x0000000086a00000, 0x0000000086a00000|100%| O|  |TAMS 0x0000000086900000, 0x0000000086900000| Untracked 
| 106|0x0000000086a00000, 0x0000000086b00000, 0x0000000086b00000|100%| O|  |TAMS 0x0000000086a00000, 0x0000000086a00000| Untracked 
| 107|0x0000000086b00000, 0x0000000086c00000, 0x0000000086c00000|100%| O|  |TAMS 0x0000000086b00000, 0x0000000086b00000| Untracked 
| 108|0x0000000086c00000, 0x0000000086d00000, 0x0000000086d00000|100%| O|  |TAMS 0x0000000086c00000, 0x0000000086c00000| Untracked 
| 109|0x0000000086d00000, 0x0000000086e00000, 0x0000000086e00000|100%| O|  |TAMS 0x0000000086d00000, 0x0000000086d00000| Untracked 
| 110|0x0000000086e00000, 0x0000000086f00000, 0x0000000086f00000|100%|HS|  |TAMS 0x0000000086f00000, 0x0000000086e00000| Complete 
| 111|0x0000000086f00000, 0x0000000087000000, 0x0000000087000000|100%|HC|  |TAMS 0x0000000087000000, 0x0000000086f00000| Complete 
| 112|0x0000000087000000, 0x0000000087100000, 0x0000000087100000|100%|HC|  |TAMS 0x0000000087100000, 0x0000000087000000| Complete 
| 113|0x0000000087100000, 0x0000000087200000, 0x0000000087200000|100%|HC|  |TAMS 0x0000000087200000, 0x0000000087100000| Complete 
| 114|0x0000000087200000, 0x0000000087300000, 0x0000000087300000|100%| O|  |TAMS 0x0000000087200000, 0x0000000087200000| Untracked 
| 115|0x0000000087300000, 0x0000000087400000, 0x0000000087400000|100%| O|  |TAMS 0x0000000087400000, 0x0000000087300000| Untracked 
| 116|0x0000000087400000, 0x0000000087500000, 0x0000000087500000|100%| O|  |TAMS 0x0000000087400000, 0x0000000087400000| Untracked 
| 117|0x0000000087500000, 0x0000000087600000, 0x0000000087600000|100%| O|  |TAMS 0x0000000087500000, 0x0000000087500000| Untracked 
| 118|0x0000000087600000, 0x0000000087663600, 0x0000000087700000| 38%| O|  |TAMS 0x0000000087600000, 0x0000000087600000| Untracked 
| 119|0x0000000087700000, 0x0000000087700000, 0x0000000087800000|  0%| F|  |TAMS 0x0000000087700000, 0x0000000087700000| Untracked 
| 120|0x0000000087800000, 0x0000000087800000, 0x0000000087900000|  0%| F|  |TAMS 0x0000000087800000, 0x0000000087800000| Untracked 
| 121|0x0000000087900000, 0x0000000087900000, 0x0000000087a00000|  0%| F|  |TAMS 0x0000000087900000, 0x0000000087900000| Untracked 
| 122|0x0000000087a00000, 0x0000000087a00000, 0x0000000087b00000|  0%| F|  |TAMS 0x0000000087a00000, 0x0000000087a00000| Untracked 
| 123|0x0000000087b00000, 0x0000000087b00000, 0x0000000087c00000|  0%| F|  |TAMS 0x0000000087b00000, 0x0000000087b00000| Untracked 
| 124|0x0000000087c00000, 0x0000000087c00000, 0x0000000087d00000|  0%| F|  |TAMS 0x0000000087c00000, 0x0000000087c00000| Untracked 
| 125|0x0000000087d00000, 0x0000000087d00000, 0x0000000087e00000|  0%| F|  |TAMS 0x0000000087d00000, 0x0000000087d00000| Untracked 
| 126|0x0000000087e00000, 0x0000000087e00000, 0x0000000087f00000|  0%| F|  |TAMS 0x0000000087e00000, 0x0000000087e00000| Untracked 
| 127|0x0000000087f00000, 0x0000000087f00000, 0x0000000088000000|  0%| F|  |TAMS 0x0000000087f00000, 0x0000000087f00000| Untracked 
| 128|0x0000000088000000, 0x0000000088000000, 0x0000000088100000|  0%| F|  |TAMS 0x0000000088000000, 0x0000000088000000| Untracked 
| 129|0x0000000088100000, 0x0000000088100000, 0x0000000088200000|  0%| F|  |TAMS 0x0000000088100000, 0x0000000088100000| Untracked 
| 130|0x0000000088200000, 0x0000000088200000, 0x0000000088300000|  0%| F|  |TAMS 0x0000000088200000, 0x0000000088200000| Untracked 
| 131|0x0000000088300000, 0x0000000088300000, 0x0000000088400000|  0%| F|  |TAMS 0x0000000088300000, 0x0000000088300000| Untracked 
| 132|0x0000000088400000, 0x0000000088400000, 0x0000000088500000|  0%| F|  |TAMS 0x0000000088400000, 0x0000000088400000| Untracked 
| 133|0x0000000088500000, 0x0000000088500000, 0x0000000088600000|  0%| F|  |TAMS 0x0000000088500000, 0x0000000088500000| Untracked 
| 134|0x0000000088600000, 0x0000000088600000, 0x0000000088700000|  0%| F|  |TAMS 0x0000000088600000, 0x0000000088600000| Untracked 
| 135|0x0000000088700000, 0x0000000088700000, 0x0000000088800000|  0%| F|  |TAMS 0x0000000088700000, 0x0000000088700000| Untracked 
| 136|0x0000000088800000, 0x0000000088800000, 0x0000000088900000|  0%| F|  |TAMS 0x0000000088800000, 0x0000000088800000| Untracked 
| 137|0x0000000088900000, 0x0000000088900000, 0x0000000088a00000|  0%| F|  |TAMS 0x0000000088900000, 0x0000000088900000| Untracked 
| 138|0x0000000088a00000, 0x0000000088a00000, 0x0000000088b00000|  0%| F|  |TAMS 0x0000000088a00000, 0x0000000088a00000| Untracked 
| 139|0x0000000088b00000, 0x0000000088b00000, 0x0000000088c00000|  0%| F|  |TAMS 0x0000000088b00000, 0x0000000088b00000| Untracked 
| 140|0x0000000088c00000, 0x0000000088c00000, 0x0000000088d00000|  0%| F|  |TAMS 0x0000000088c00000, 0x0000000088c00000| Untracked 
| 141|0x0000000088d00000, 0x0000000088d00000, 0x0000000088e00000|  0%| F|  |TAMS 0x0000000088d00000, 0x0000000088d00000| Untracked 
| 142|0x0000000088e00000, 0x0000000088e00000, 0x0000000088f00000|  0%| F|  |TAMS 0x0000000088e00000, 0x0000000088e00000| Untracked 
| 143|0x0000000088f00000, 0x0000000088f00000, 0x0000000089000000|  0%| F|  |TAMS 0x0000000088f00000, 0x0000000088f00000| Untracked 
| 144|0x0000000089000000, 0x0000000089000000, 0x0000000089100000|  0%| F|  |TAMS 0x0000000089000000, 0x0000000089000000| Untracked 
| 145|0x0000000089100000, 0x0000000089100000, 0x0000000089200000|  0%| F|  |TAMS 0x0000000089100000, 0x0000000089100000| Untracked 
| 146|0x0000000089200000, 0x0000000089200000, 0x0000000089300000|  0%| F|  |TAMS 0x0000000089200000, 0x0000000089200000| Untracked 
| 147|0x0000000089300000, 0x0000000089300000, 0x0000000089400000|  0%| F|  |TAMS 0x0000000089300000, 0x0000000089300000| Untracked 
| 148|0x0000000089400000, 0x0000000089400000, 0x0000000089500000|  0%| F|  |TAMS 0x0000000089400000, 0x0000000089400000| Untracked 
| 149|0x0000000089500000, 0x0000000089500000, 0x0000000089600000|  0%| F|  |TAMS 0x0000000089500000, 0x0000000089500000| Untracked 
| 150|0x0000000089600000, 0x0000000089600000, 0x0000000089700000|  0%| F|  |TAMS 0x0000000089600000, 0x0000000089600000| Untracked 
| 151|0x0000000089700000, 0x0000000089700000, 0x0000000089800000|  0%| F|  |TAMS 0x0000000089700000, 0x0000000089700000| Untracked 
| 152|0x0000000089800000, 0x0000000089800000, 0x0000000089900000|  0%| F|  |TAMS 0x0000000089800000, 0x0000000089800000| Untracked 
| 153|0x0000000089900000, 0x0000000089a00000, 0x0000000089a00000|100%| S|CS|TAMS 0x0000000089900000, 0x0000000089900000| Complete 
| 154|0x0000000089a00000, 0x0000000089b00000, 0x0000000089b00000|100%| S|CS|TAMS 0x0000000089a00000, 0x0000000089a00000| Complete 
| 155|0x0000000089b00000, 0x0000000089c00000, 0x0000000089c00000|100%| S|CS|TAMS 0x0000000089b00000, 0x0000000089b00000| Complete 
| 156|0x0000000089c00000, 0x0000000089d00000, 0x0000000089d00000|100%| S|CS|TAMS 0x0000000089c00000, 0x0000000089c00000| Complete 
| 157|0x0000000089d00000, 0x0000000089e00000, 0x0000000089e00000|100%| S|CS|TAMS 0x0000000089d00000, 0x0000000089d00000| Complete 
| 158|0x0000000089e00000, 0x0000000089f00000, 0x0000000089f00000|100%| S|CS|TAMS 0x0000000089e00000, 0x0000000089e00000| Complete 
| 159|0x0000000089f00000, 0x000000008a000000, 0x000000008a000000|100%| S|CS|TAMS 0x0000000089f00000, 0x0000000089f00000| Complete 
| 160|0x000000008a000000, 0x000000008a100000, 0x000000008a100000|100%| S|CS|TAMS 0x000000008a000000, 0x000000008a000000| Complete 
| 161|0x000000008a100000, 0x000000008a200000, 0x000000008a200000|100%| S|CS|TAMS 0x000000008a100000, 0x000000008a100000| Complete 
| 162|0x000000008a200000, 0x000000008a300000, 0x000000008a300000|100%| S|CS|TAMS 0x000000008a200000, 0x000000008a200000| Complete 
| 163|0x000000008a300000, 0x000000008a400000, 0x000000008a400000|100%| S|CS|TAMS 0x000000008a300000, 0x000000008a300000| Complete 
| 164|0x000000008a400000, 0x000000008a500000, 0x000000008a500000|100%| S|CS|TAMS 0x000000008a400000, 0x000000008a400000| Complete 
| 165|0x000000008a500000, 0x000000008a600000, 0x000000008a600000|100%| S|CS|TAMS 0x000000008a500000, 0x000000008a500000| Complete 
| 166|0x000000008a600000, 0x000000008a700000, 0x000000008a700000|100%| S|CS|TAMS 0x000000008a600000, 0x000000008a600000| Complete 
| 167|0x000000008a700000, 0x000000008a800000, 0x000000008a800000|100%| S|CS|TAMS 0x000000008a700000, 0x000000008a700000| Complete 
| 168|0x000000008a800000, 0x000000008a900000, 0x000000008a900000|100%| S|CS|TAMS 0x000000008a800000, 0x000000008a800000| Complete 
| 169|0x000000008a900000, 0x000000008a900000, 0x000000008aa00000|  0%| F|  |TAMS 0x000000008a900000, 0x000000008a900000| Untracked 
| 170|0x000000008aa00000, 0x000000008aa00000, 0x000000008ab00000|  0%| F|  |TAMS 0x000000008aa00000, 0x000000008aa00000| Untracked 
| 171|0x000000008ab00000, 0x000000008ab00000, 0x000000008ac00000|  0%| F|  |TAMS 0x000000008ab00000, 0x000000008ab00000| Untracked 
| 172|0x000000008ac00000, 0x000000008ac00000, 0x000000008ad00000|  0%| F|  |TAMS 0x000000008ac00000, 0x000000008ac00000| Untracked 
| 173|0x000000008ad00000, 0x000000008ad00000, 0x000000008ae00000|  0%| F|  |TAMS 0x000000008ad00000, 0x000000008ad00000| Untracked 
| 174|0x000000008ae00000, 0x000000008ae00000, 0x000000008af00000|  0%| F|  |TAMS 0x000000008ae00000, 0x000000008ae00000| Untracked 
| 175|0x000000008af00000, 0x000000008af00000, 0x000000008b000000|  0%| F|  |TAMS 0x000000008af00000, 0x000000008af00000| Untracked 
| 176|0x000000008b000000, 0x000000008b000000, 0x000000008b100000|  0%| F|  |TAMS 0x000000008b000000, 0x000000008b000000| Untracked 
| 177|0x000000008b100000, 0x000000008b100000, 0x000000008b200000|  0%| F|  |TAMS 0x000000008b100000, 0x000000008b100000| Untracked 
| 178|0x000000008b200000, 0x000000008b200000, 0x000000008b300000|  0%| F|  |TAMS 0x000000008b200000, 0x000000008b200000| Untracked 
| 179|0x000000008b300000, 0x000000008b300000, 0x000000008b400000|  0%| F|  |TAMS 0x000000008b300000, 0x000000008b300000| Untracked 
| 180|0x000000008b400000, 0x000000008b400000, 0x000000008b500000|  0%| F|  |TAMS 0x000000008b400000, 0x000000008b400000| Untracked 
| 181|0x000000008b500000, 0x000000008b500000, 0x000000008b600000|  0%| F|  |TAMS 0x000000008b500000, 0x000000008b500000| Untracked 
| 182|0x000000008b600000, 0x000000008b600000, 0x000000008b700000|  0%| F|  |TAMS 0x000000008b600000, 0x000000008b600000| Untracked 
| 183|0x000000008b700000, 0x000000008b700000, 0x000000008b800000|  0%| F|  |TAMS 0x000000008b700000, 0x000000008b700000| Untracked 
| 184|0x000000008b800000, 0x000000008b800000, 0x000000008b900000|  0%| F|  |TAMS 0x000000008b800000, 0x000000008b800000| Untracked 
| 185|0x000000008b900000, 0x000000008b900000, 0x000000008ba00000|  0%| F|  |TAMS 0x000000008b900000, 0x000000008b900000| Untracked 
| 186|0x000000008ba00000, 0x000000008ba00000, 0x000000008bb00000|  0%| F|  |TAMS 0x000000008ba00000, 0x000000008ba00000| Untracked 
| 187|0x000000008bb00000, 0x000000008bb00000, 0x000000008bc00000|  0%| F|  |TAMS 0x000000008bb00000, 0x000000008bb00000| Untracked 
| 188|0x000000008bc00000, 0x000000008bc00000, 0x000000008bd00000|  0%| F|  |TAMS 0x000000008bc00000, 0x000000008bc00000| Untracked 
| 189|0x000000008bd00000, 0x000000008bd00000, 0x000000008be00000|  0%| F|  |TAMS 0x000000008bd00000, 0x000000008bd00000| Untracked 
| 190|0x000000008be00000, 0x000000008be00000, 0x000000008bf00000|  0%| F|  |TAMS 0x000000008be00000, 0x000000008be00000| Untracked 
| 191|0x000000008bf00000, 0x000000008bf00000, 0x000000008c000000|  0%| F|  |TAMS 0x000000008bf00000, 0x000000008bf00000| Untracked 
| 192|0x000000008c000000, 0x000000008c000000, 0x000000008c100000|  0%| F|  |TAMS 0x000000008c000000, 0x000000008c000000| Untracked 
| 193|0x000000008c100000, 0x000000008c100000, 0x000000008c200000|  0%| F|  |TAMS 0x000000008c100000, 0x000000008c100000| Untracked 
| 194|0x000000008c200000, 0x000000008c200000, 0x000000008c300000|  0%| F|  |TAMS 0x000000008c200000, 0x000000008c200000| Untracked 
| 195|0x000000008c300000, 0x000000008c300000, 0x000000008c400000|  0%| F|  |TAMS 0x000000008c300000, 0x000000008c300000| Untracked 
| 196|0x000000008c400000, 0x000000008c400000, 0x000000008c500000|  0%| F|  |TAMS 0x000000008c400000, 0x000000008c400000| Untracked 
| 197|0x000000008c500000, 0x000000008c500000, 0x000000008c600000|  0%| F|  |TAMS 0x000000008c500000, 0x000000008c500000| Untracked 
| 198|0x000000008c600000, 0x000000008c600000, 0x000000008c700000|  0%| F|  |TAMS 0x000000008c600000, 0x000000008c600000| Untracked 
| 199|0x000000008c700000, 0x000000008c700000, 0x000000008c800000|  0%| F|  |TAMS 0x000000008c700000, 0x000000008c700000| Untracked 
| 200|0x000000008c800000, 0x000000008c800000, 0x000000008c900000|  0%| F|  |TAMS 0x000000008c800000, 0x000000008c800000| Untracked 
| 201|0x000000008c900000, 0x000000008c900000, 0x000000008ca00000|  0%| F|  |TAMS 0x000000008c900000, 0x000000008c900000| Untracked 
| 202|0x000000008ca00000, 0x000000008ca00000, 0x000000008cb00000|  0%| F|  |TAMS 0x000000008ca00000, 0x000000008ca00000| Untracked 
| 203|0x000000008cb00000, 0x000000008cb00000, 0x000000008cc00000|  0%| F|  |TAMS 0x000000008cb00000, 0x000000008cb00000| Untracked 
| 204|0x000000008cc00000, 0x000000008cc00000, 0x000000008cd00000|  0%| F|  |TAMS 0x000000008cc00000, 0x000000008cc00000| Untracked 
| 205|0x000000008cd00000, 0x000000008cd00000, 0x000000008ce00000|  0%| F|  |TAMS 0x000000008cd00000, 0x000000008cd00000| Untracked 
| 206|0x000000008ce00000, 0x000000008ce00000, 0x000000008cf00000|  0%| F|  |TAMS 0x000000008ce00000, 0x000000008ce00000| Untracked 
| 207|0x000000008cf00000, 0x000000008cf00000, 0x000000008d000000|  0%| F|  |TAMS 0x000000008cf00000, 0x000000008cf00000| Untracked 
| 208|0x000000008d000000, 0x000000008d000000, 0x000000008d100000|  0%| F|  |TAMS 0x000000008d000000, 0x000000008d000000| Untracked 
| 209|0x000000008d100000, 0x000000008d100000, 0x000000008d200000|  0%| F|  |TAMS 0x000000008d100000, 0x000000008d100000| Untracked 
| 210|0x000000008d200000, 0x000000008d200000, 0x000000008d300000|  0%| F|  |TAMS 0x000000008d200000, 0x000000008d200000| Untracked 
| 211|0x000000008d300000, 0x000000008d300000, 0x000000008d400000|  0%| F|  |TAMS 0x000000008d300000, 0x000000008d300000| Untracked 
| 212|0x000000008d400000, 0x000000008d400000, 0x000000008d500000|  0%| F|  |TAMS 0x000000008d400000, 0x000000008d400000| Untracked 
| 213|0x000000008d500000, 0x000000008d500000, 0x000000008d600000|  0%| F|  |TAMS 0x000000008d500000, 0x000000008d500000| Untracked 
| 214|0x000000008d600000, 0x000000008d600000, 0x000000008d700000|  0%| F|  |TAMS 0x000000008d600000, 0x000000008d600000| Untracked 
| 215|0x000000008d700000, 0x000000008d700000, 0x000000008d800000|  0%| F|  |TAMS 0x000000008d700000, 0x000000008d700000| Untracked 
| 216|0x000000008d800000, 0x000000008d800000, 0x000000008d900000|  0%| F|  |TAMS 0x000000008d800000, 0x000000008d800000| Untracked 
| 217|0x000000008d900000, 0x000000008d900000, 0x000000008da00000|  0%| F|  |TAMS 0x000000008d900000, 0x000000008d900000| Untracked 
| 218|0x000000008da00000, 0x000000008da00000, 0x000000008db00000|  0%| F|  |TAMS 0x000000008da00000, 0x000000008da00000| Untracked 
| 219|0x000000008db00000, 0x000000008db00000, 0x000000008dc00000|  0%| F|  |TAMS 0x000000008db00000, 0x000000008db00000| Untracked 
| 220|0x000000008dc00000, 0x000000008dc00000, 0x000000008dd00000|  0%| F|  |TAMS 0x000000008dc00000, 0x000000008dc00000| Untracked 
| 221|0x000000008dd00000, 0x000000008dd00000, 0x000000008de00000|  0%| F|  |TAMS 0x000000008dd00000, 0x000000008dd00000| Untracked 
| 222|0x000000008de00000, 0x000000008de00000, 0x000000008df00000|  0%| F|  |TAMS 0x000000008de00000, 0x000000008de00000| Untracked 
| 223|0x000000008df00000, 0x000000008df00000, 0x000000008e000000|  0%| F|  |TAMS 0x000000008df00000, 0x000000008df00000| Untracked 
| 224|0x000000008e000000, 0x000000008e000000, 0x000000008e100000|  0%| F|  |TAMS 0x000000008e000000, 0x000000008e000000| Untracked 
| 225|0x000000008e100000, 0x000000008e100000, 0x000000008e200000|  0%| F|  |TAMS 0x000000008e100000, 0x000000008e100000| Untracked 
| 226|0x000000008e200000, 0x000000008e200000, 0x000000008e300000|  0%| F|  |TAMS 0x000000008e200000, 0x000000008e200000| Untracked 
| 227|0x000000008e300000, 0x000000008e300000, 0x000000008e400000|  0%| F|  |TAMS 0x000000008e300000, 0x000000008e300000| Untracked 
| 228|0x000000008e400000, 0x000000008e400000, 0x000000008e500000|  0%| F|  |TAMS 0x000000008e400000, 0x000000008e400000| Untracked 
| 229|0x000000008e500000, 0x000000008e500000, 0x000000008e600000|  0%| F|  |TAMS 0x000000008e500000, 0x000000008e500000| Untracked 
| 230|0x000000008e600000, 0x000000008e600000, 0x000000008e700000|  0%| F|  |TAMS 0x000000008e600000, 0x000000008e600000| Untracked 
| 231|0x000000008e700000, 0x000000008e700000, 0x000000008e800000|  0%| F|  |TAMS 0x000000008e700000, 0x000000008e700000| Untracked 
| 232|0x000000008e800000, 0x000000008e800000, 0x000000008e900000|  0%| F|  |TAMS 0x000000008e800000, 0x000000008e800000| Untracked 
| 233|0x000000008e900000, 0x000000008e900000, 0x000000008ea00000|  0%| F|  |TAMS 0x000000008e900000, 0x000000008e900000| Untracked 
| 234|0x000000008ea00000, 0x000000008ea00000, 0x000000008eb00000|  0%| F|  |TAMS 0x000000008ea00000, 0x000000008ea00000| Untracked 
| 235|0x000000008eb00000, 0x000000008eb00000, 0x000000008ec00000|  0%| F|  |TAMS 0x000000008eb00000, 0x000000008eb00000| Untracked 
| 236|0x000000008ec00000, 0x000000008ec00000, 0x000000008ed00000|  0%| F|  |TAMS 0x000000008ec00000, 0x000000008ec00000| Untracked 
| 237|0x000000008ed00000, 0x000000008ed00000, 0x000000008ee00000|  0%| F|  |TAMS 0x000000008ed00000, 0x000000008ed00000| Untracked 
| 238|0x000000008ee00000, 0x000000008ee00000, 0x000000008ef00000|  0%| F|  |TAMS 0x000000008ee00000, 0x000000008ee00000| Untracked 
| 239|0x000000008ef00000, 0x000000008f000000, 0x000000008f000000|100%| E|  |TAMS 0x000000008ef00000, 0x000000008ef00000| Complete 
| 240|0x000000008f000000, 0x000000008f100000, 0x000000008f100000|100%| E|CS|TAMS 0x000000008f000000, 0x000000008f000000| Complete 
| 241|0x000000008f100000, 0x000000008f200000, 0x000000008f200000|100%| E|CS|TAMS 0x000000008f100000, 0x000000008f100000| Complete 
| 242|0x000000008f200000, 0x000000008f300000, 0x000000008f300000|100%| E|CS|TAMS 0x000000008f200000, 0x000000008f200000| Complete 
| 243|0x000000008f300000, 0x000000008f400000, 0x000000008f400000|100%| E|CS|TAMS 0x000000008f300000, 0x000000008f300000| Complete 
| 244|0x000000008f400000, 0x000000008f500000, 0x000000008f500000|100%| E|CS|TAMS 0x000000008f400000, 0x000000008f400000| Complete 
| 245|0x000000008f500000, 0x000000008f600000, 0x000000008f600000|100%| E|CS|TAMS 0x000000008f500000, 0x000000008f500000| Complete 
| 246|0x000000008f600000, 0x000000008f700000, 0x000000008f700000|100%| E|CS|TAMS 0x000000008f600000, 0x000000008f600000| Complete 
| 247|0x000000008f700000, 0x000000008f800000, 0x000000008f800000|100%| E|CS|TAMS 0x000000008f700000, 0x000000008f700000| Complete 
| 248|0x000000008f800000, 0x000000008f900000, 0x000000008f900000|100%| E|CS|TAMS 0x000000008f800000, 0x000000008f800000| Complete 
| 249|0x000000008f900000, 0x000000008fa00000, 0x000000008fa00000|100%| E|CS|TAMS 0x000000008f900000, 0x000000008f900000| Complete 
| 250|0x000000008fa00000, 0x000000008fb00000, 0x000000008fb00000|100%| E|CS|TAMS 0x000000008fa00000, 0x000000008fa00000| Complete 
| 251|0x000000008fb00000, 0x000000008fc00000, 0x000000008fc00000|100%| E|CS|TAMS 0x000000008fb00000, 0x000000008fb00000| Complete 
| 252|0x000000008fc00000, 0x000000008fd00000, 0x000000008fd00000|100%| E|CS|TAMS 0x000000008fc00000, 0x000000008fc00000| Complete 
| 253|0x000000008fd00000, 0x000000008fe00000, 0x000000008fe00000|100%| E|CS|TAMS 0x000000008fd00000, 0x000000008fd00000| Complete 
| 254|0x000000008fe00000, 0x000000008ff00000, 0x000000008ff00000|100%| E|CS|TAMS 0x000000008fe00000, 0x000000008fe00000| Complete 
| 255|0x000000008ff00000, 0x0000000090000000, 0x0000000090000000|100%| E|CS|TAMS 0x000000008ff00000, 0x000000008ff00000| Complete 
| 256|0x0000000090000000, 0x0000000090100000, 0x0000000090100000|100%| E|CS|TAMS 0x0000000090000000, 0x0000000090000000| Complete 
| 257|0x0000000090100000, 0x0000000090200000, 0x0000000090200000|100%| E|CS|TAMS 0x0000000090100000, 0x0000000090100000| Complete 
| 258|0x0000000090200000, 0x0000000090300000, 0x0000000090300000|100%| E|CS|TAMS 0x0000000090200000, 0x0000000090200000| Complete 
| 259|0x0000000090300000, 0x0000000090400000, 0x0000000090400000|100%| E|CS|TAMS 0x0000000090300000, 0x0000000090300000| Complete 
| 260|0x0000000090400000, 0x0000000090500000, 0x0000000090500000|100%| E|CS|TAMS 0x0000000090400000, 0x0000000090400000| Complete 
| 261|0x0000000090500000, 0x0000000090600000, 0x0000000090600000|100%| E|CS|TAMS 0x0000000090500000, 0x0000000090500000| Complete 
| 262|0x0000000090600000, 0x0000000090700000, 0x0000000090700000|100%| E|CS|TAMS 0x0000000090600000, 0x0000000090600000| Complete 
| 263|0x0000000090700000, 0x0000000090800000, 0x0000000090800000|100%| E|CS|TAMS 0x0000000090700000, 0x0000000090700000| Complete 
| 264|0x0000000090800000, 0x0000000090900000, 0x0000000090900000|100%| E|CS|TAMS 0x0000000090800000, 0x0000000090800000| Complete 
| 265|0x0000000090900000, 0x0000000090a00000, 0x0000000090a00000|100%| E|CS|TAMS 0x0000000090900000, 0x0000000090900000| Complete 
| 266|0x0000000090a00000, 0x0000000090b00000, 0x0000000090b00000|100%| E|CS|TAMS 0x0000000090a00000, 0x0000000090a00000| Complete 
| 267|0x0000000090b00000, 0x0000000090c00000, 0x0000000090c00000|100%| E|CS|TAMS 0x0000000090b00000, 0x0000000090b00000| Complete 
| 268|0x0000000090c00000, 0x0000000090d00000, 0x0000000090d00000|100%| E|CS|TAMS 0x0000000090c00000, 0x0000000090c00000| Complete 
| 269|0x0000000090d00000, 0x0000000090e00000, 0x0000000090e00000|100%| E|CS|TAMS 0x0000000090d00000, 0x0000000090d00000| Complete 
| 270|0x0000000090e00000, 0x0000000090f00000, 0x0000000090f00000|100%| E|CS|TAMS 0x0000000090e00000, 0x0000000090e00000| Complete 
| 271|0x0000000090f00000, 0x0000000091000000, 0x0000000091000000|100%| E|CS|TAMS 0x0000000090f00000, 0x0000000090f00000| Complete 

Card table byte_map: [0x00000257fc710000,0x00000257fcb10000] _byte_map_base: 0x00000257fc310000

Marking Bits (Prev, Next): (CMBitMap*) 0x00000257e7bafce8, (CMBitMap*) 0x00000257e7bafd20
 Prev Bits: [0x00000257fcf10000, 0x00000257fef10000)
 Next Bits: [0x0000025780000000, 0x0000025782000000)

Polling page: 0x00000257e7a20000

Metaspace:

Usage:
  Non-class:     38.29 MB capacity,    37.66 MB ( 98%) used,   550.84 KB (  1%) free+waste,    89.75 KB ( <1%) overhead. 
      Class:      5.74 MB capacity,     5.36 MB ( 93%) used,   342.92 KB (  6%) free+waste,    42.75 KB ( <1%) overhead. 
       Both:     44.03 MB capacity,    43.03 MB ( 98%) used,   893.77 KB (  2%) free+waste,   132.50 KB ( <1%) overhead. 

Virtual space:
  Non-class space:       40.00 MB reserved,      38.37 MB ( 96%) committed 
      Class space:        1.00 GB reserved,       5.75 MB ( <1%) committed 
             Both:        1.04 GB reserved,      44.12 MB (  4%) committed 

Chunk freelists:
   Non-Class:  22.00 KB
       Class:  9.00 KB
        Both:  31.00 KB

MaxMetaspaceSize: 17179869184.00 GB
CompressedClassSpaceSize: 1.00 GB

CodeHeap 'non-profiled nmethods': size=120064Kb used=3357Kb max_used=3357Kb free=116706Kb
 bounds [0x00000257f47b0000, 0x00000257f4b00000, 0x00000257fbcf0000]
CodeHeap 'profiled nmethods': size=120000Kb used=10244Kb max_used=10244Kb free=109755Kb
 bounds [0x00000257ed280000, 0x00000257edc90000, 0x00000257f47b0000]
CodeHeap 'non-nmethods': size=5696Kb used=2210Kb max_used=2277Kb free=3485Kb
 bounds [0x00000257eccf0000, 0x00000257ecf60000, 0x00000257ed280000]
 total_blobs=4995 nmethods=4213 adapters=693
 compilation: enabled
              stopped_count=0, restarted_count=0
 full_count=0

Compilation events (20 events):
Event: 36.059 Thread 0x00000257ff52e800 nmethod 4165 0x00000257f4aed710 code [0x00000257f4aed920, 0x00000257f4aeed78]
Event: 36.059 Thread 0x00000257ff52e800 4573       4       java.lang.String::substring (68 bytes)
Event: 36.070 Thread 0x00000257ff52e800 nmethod 4573 0x00000257f4aef710 code [0x00000257f4aef8c0, 0x00000257f4aefd78]
Event: 36.070 Thread 0x00000257ff52e800 4462       4       org.objectweb.asm.ClassWriter::visitField (53 bytes)
Event: 36.085 Thread 0x00000257ff52e800 nmethod 4462 0x00000257f4aeff90 code [0x00000257f4af0160, 0x00000257f4af0630]
Event: 36.086 Thread 0x00000257ff52e800 4168       4       java.util.Collections$SetFromMap::add (22 bytes)
Event: 36.087 Thread 0x00000257ff52e800 nmethod 4168 0x00000257f4af0890 code [0x00000257f4af0a40, 0x00000257f4af0b08]
Event: 36.087 Thread 0x00000257ff52e800 4169   !   4       java.util.zip.ZipFile::getInputStream (323 bytes)
Event: 36.245 Thread 0x00000257ff52e800 nmethod 4169 0x00000257f4af0c10 code [0x00000257f4af0ee0, 0x00000257f4af3bf0]
Event: 36.245 Thread 0x00000257ff52e800 4170       4       java.util.zip.ZipFile$ZipFileInputStream::<init> (96 bytes)
Event: 36.253 Thread 0x00000257ff52e800 nmethod 4170 0x00000257f4af5110 code [0x00000257f4af52c0, 0x00000257f4af5618]
Event: 36.253 Thread 0x00000257ff52e800 4353       4       java.lang.String::<init> (14 bytes)
Event: 36.266 Thread 0x00000257ff52e800 nmethod 4353 0x00000257f4af5890 code [0x00000257f4af5a40, 0x00000257f4af60f8]
Event: 36.267 Thread 0x00000257ff52e800 4496   !   4       java.lang.ref.ReferenceQueue::enqueue (119 bytes)
Event: 36.284 Thread 0x00000257ff52e800 nmethod 4496 0x00000257f4af6390 code [0x00000257f4af6560, 0x00000257f4af6c18]
Event: 36.285 Thread 0x00000257ff52e800 4497       4       java.lang.ref.ReferenceQueue::reallyPoll (65 bytes)
Event: 36.292 Thread 0x00000257ff52e800 nmethod 4497 0x00000257f4af6e10 code [0x00000257f4af6fc0, 0x00000257f4af7308]
Event: 36.292 Thread 0x00000257ff52e800 4494       4       java.lang.Long::valueOf (40 bytes)
Event: 36.295 Thread 0x00000257ff52e800 nmethod 4494 0x00000257f4af7390 code [0x00000257f4af7540, 0x00000257f4af7638]
Event: 36.295 Thread 0x00000257ff52e800 4484       4       org.objectweb.asm.FieldWriter::computeFieldInfoSize (86 bytes)

GC Heap History (20 events):
Event: 28.871 GC heap before
{Heap before GC invocations=35 (full 0):
 garbage-first heap   total 231424K, used 183173K [0x0000000080000000, 0x0000000100000000)
  region size 1024K, 78 young (79872K), 7 survivors (7168K)
 Metaspace       used 44042K, capacity 45012K, committed 45180K, reserved 1089536K
  class space    used 5498K, capacity 5856K, committed 5888K, reserved 1048576K
}
Event: 28.876 GC heap after
{Heap after GC invocations=36 (full 0):
 garbage-first heap   total 231424K, used 110880K [0x0000000080000000, 0x0000000100000000)
  region size 1024K, 7 young (7168K), 7 survivors (7168K)
 Metaspace       used 44042K, capacity 45012K, committed 45180K, reserved 1089536K
  class space    used 5498K, capacity 5856K, committed 5888K, reserved 1048576K
}
Event: 29.342 GC heap before
{Heap before GC invocations=36 (full 0):
 garbage-first heap   total 231424K, used 184608K [0x0000000080000000, 0x0000000100000000)
  region size 1024K, 79 young (80896K), 7 survivors (7168K)
 Metaspace       used 44043K, capacity 45012K, committed 45180K, reserved 1089536K
  class space    used 5498K, capacity 5856K, committed 5888K, reserved 1048576K
}
Event: 29.347 GC heap after
{Heap after GC invocations=37 (full 0):
 garbage-first heap   total 231424K, used 111866K [0x0000000080000000, 0x0000000100000000)
  region size 1024K, 7 young (7168K), 7 survivors (7168K)
 Metaspace       used 44043K, capacity 45012K, committed 45180K, reserved 1089536K
  class space    used 5498K, capacity 5856K, committed 5888K, reserved 1048576K
}
Event: 29.776 GC heap before
{Heap before GC invocations=38 (full 0):
 garbage-first heap   total 231424K, used 141562K [0x0000000080000000, 0x0000000100000000)
  region size 1024K, 79 young (80896K), 7 survivors (7168K)
 Metaspace       used 44022K, capacity 44982K, committed 45180K, reserved 1089536K
  class space    used 5491K, capacity 5846K, committed 5888K, reserved 1048576K
}
Event: 29.783 GC heap after
{Heap after GC invocations=39 (full 0):
 garbage-first heap   total 231424K, used 68513K [0x0000000080000000, 0x0000000100000000)
  region size 1024K, 7 young (7168K), 7 survivors (7168K)
 Metaspace       used 44022K, capacity 44982K, committed 45180K, reserved 1089536K
  class space    used 5491K, capacity 5846K, committed 5888K, reserved 1048576K
}
Event: 29.805 GC heap before
{Heap before GC invocations=39 (full 0):
 garbage-first heap   total 231424K, used 71585K [0x0000000080000000, 0x0000000100000000)
  region size 1024K, 11 young (11264K), 7 survivors (7168K)
 Metaspace       used 44024K, capacity 44982K, committed 45180K, reserved 1089536K
  class space    used 5491K, capacity 5846K, committed 5888K, reserved 1048576K
}
Event: 29.808 GC heap after
{Heap after GC invocations=40 (full 0):
 garbage-first heap   total 231424K, used 62338K [0x0000000080000000, 0x0000000100000000)
  region size 1024K, 2 young (2048K), 2 survivors (2048K)
 Metaspace       used 44024K, capacity 44982K, committed 45180K, reserved 1089536K
  class space    used 5491K, capacity 5846K, committed 5888K, reserved 1048576K
}
Event: 30.717 GC heap before
{Heap before GC invocations=40 (full 0):
 garbage-first heap   total 231424K, used 178050K [0x0000000080000000, 0x0000000100000000)
  region size 1024K, 115 young (117760K), 2 survivors (2048K)
 Metaspace       used 44025K, capacity 44982K, committed 45180K, reserved 1089536K
  class space    used 5491K, capacity 5846K, committed 5888K, reserved 1048576K
}
Event: 30.729 GC heap after
{Heap after GC invocations=41 (full 0):
 garbage-first heap   total 231424K, used 71548K [0x0000000080000000, 0x0000000100000000)
  region size 1024K, 11 young (11264K), 11 survivors (11264K)
 Metaspace       used 44025K, capacity 44982K, committed 45180K, reserved 1089536K
  class space    used 5491K, capacity 5846K, committed 5888K, reserved 1048576K
}
Event: 31.405 GC heap before
{Heap before GC invocations=41 (full 0):
 garbage-first heap   total 231424K, used 179068K [0x0000000080000000, 0x0000000100000000)
  region size 1024K, 116 young (118784K), 11 survivors (11264K)
 Metaspace       used 44025K, capacity 44982K, committed 45180K, reserved 1089536K
  class space    used 5491K, capacity 5846K, committed 5888K, reserved 1048576K
}
Event: 31.415 GC heap after
{Heap after GC invocations=42 (full 0):
 garbage-first heap   total 231424K, used 72354K [0x0000000080000000, 0x0000000100000000)
  region size 1024K, 10 young (10240K), 10 survivors (10240K)
 Metaspace       used 44025K, capacity 44982K, committed 45180K, reserved 1089536K
  class space    used 5491K, capacity 5846K, committed 5888K, reserved 1048576K
}
Event: 32.193 GC heap before
{Heap before GC invocations=42 (full 0):
 garbage-first heap   total 231424K, used 180898K [0x0000000080000000, 0x0000000100000000)
  region size 1024K, 116 young (118784K), 10 survivors (10240K)
 Metaspace       used 44025K, capacity 44982K, committed 45180K, reserved 1089536K
  class space    used 5491K, capacity 5846K, committed 5888K, reserved 1048576K
}
Event: 32.203 GC heap after
{Heap after GC invocations=43 (full 0):
 garbage-first heap   total 231424K, used 74036K [0x0000000080000000, 0x0000000100000000)
  region size 1024K, 10 young (10240K), 10 survivors (10240K)
 Metaspace       used 44025K, capacity 44982K, committed 45180K, reserved 1089536K
  class space    used 5491K, capacity 5846K, committed 5888K, reserved 1048576K
}
Event: 32.966 GC heap before
{Heap before GC invocations=43 (full 0):
 garbage-first heap   total 231424K, used 180532K [0x0000000080000000, 0x0000000100000000)
  region size 1024K, 115 young (117760K), 10 survivors (10240K)
 Metaspace       used 44028K, capacity 44982K, committed 45180K, reserved 1089536K
  class space    used 5491K, capacity 5846K, committed 5888K, reserved 1048576K
}
Event: 32.979 GC heap after
{Heap after GC invocations=44 (full 0):
 garbage-first heap   total 278528K, used 63711K [0x0000000080000000, 0x0000000100000000)
  region size 1024K, 2 young (2048K), 2 survivors (2048K)
 Metaspace       used 44028K, capacity 44982K, committed 45180K, reserved 1089536K
  class space    used 5491K, capacity 5846K, committed 5888K, reserved 1048576K
}
Event: 34.782 GC heap before
{Heap before GC invocations=44 (full 0):
 garbage-first heap   total 278528K, used 230623K [0x0000000080000000, 0x0000000100000000)
  region size 1024K, 162 young (165888K), 2 survivors (2048K)
 Metaspace       used 44056K, capacity 45053K, committed 45180K, reserved 1089536K
  class space    used 5492K, capacity 5847K, committed 5888K, reserved 1048576K
}
Event: 34.958 GC heap after
{Heap after GC invocations=45 (full 0):
 garbage-first heap   total 278528K, used 100576K [0x0000000080000000, 0x0000000100000000)
  region size 1024K, 21 young (21504K), 21 survivors (21504K)
 Metaspace       used 44056K, capacity 45053K, committed 45180K, reserved 1089536K
  class space    used 5492K, capacity 5847K, committed 5888K, reserved 1048576K
}
Event: 35.907 GC heap before
{Heap before GC invocations=45 (full 0):
 garbage-first heap   total 278528K, used 206048K [0x0000000080000000, 0x0000000100000000)
  region size 1024K, 124 young (126976K), 21 survivors (21504K)
 Metaspace       used 44056K, capacity 45053K, committed 45180K, reserved 1089536K
  class space    used 5492K, capacity 5847K, committed 5888K, reserved 1048576K
}
Event: 35.954 GC heap after
{Heap after GC invocations=46 (full 0):
 garbage-first heap   total 278528K, used 116109K [0x0000000080000000, 0x0000000100000000)
  region size 1024K, 16 young (16384K), 16 survivors (16384K)
 Metaspace       used 44056K, capacity 45053K, committed 45180K, reserved 1089536K
  class space    used 5492K, capacity 5847K, committed 5888K, reserved 1048576K
}

Deoptimization events (20 events):
Event: 32.770 Thread 0x000002578433f000 DEOPT PACKING pc=0x00000257ed9ac076 sp=0x000000eb4aafe3d0
Event: 32.770 Thread 0x000002578433f000 DEOPT UNPACKING pc=0x00000257ecd172ce sp=0x000000eb4aafd8f0 mode 0
Event: 32.789 Thread 0x000002578433f000 DEOPT PACKING pc=0x00000257edc60bfb sp=0x000000eb4aafde10
Event: 32.789 Thread 0x000002578433f000 DEOPT UNPACKING pc=0x00000257ecd172ce sp=0x000000eb4aafd480 mode 0
Event: 32.809 Thread 0x000002578433f000 DEOPT PACKING pc=0x00000257ed9ac076 sp=0x000000eb4aafe3d0
Event: 32.809 Thread 0x000002578433f000 DEOPT UNPACKING pc=0x00000257ecd172ce sp=0x000000eb4aafd8f0 mode 0
Event: 32.831 Thread 0x000002578433f000 DEOPT PACKING pc=0x00000257ed9ac076 sp=0x000000eb4aafe3d0
Event: 32.831 Thread 0x000002578433f000 DEOPT UNPACKING pc=0x00000257ecd172ce sp=0x000000eb4aafd8f0 mode 0
Event: 32.839 Thread 0x000002578433f000 Uncommon trap: trap_request=0xffffffdc fr.pc=0x00000257f4aa1cfc relative=0x00000000000014dc
Event: 32.839 Thread 0x000002578433f000 Uncommon trap: reason=class_check action=make_not_entrant pc=0x00000257f4aa1cfc method=java.util.ArrayList.toArray([Ljava/lang/Object;)[Ljava/lang/Object; @ 21 c2
Event: 32.839 Thread 0x000002578433f000 DEOPT PACKING pc=0x00000257f4aa1cfc sp=0x000000eb4aafe2f0
Event: 32.839 Thread 0x000002578433f000 DEOPT UNPACKING pc=0x00000257ecd174af sp=0x000000eb4aafe270 mode 2
Event: 32.859 Thread 0x000002578433f000 DEOPT PACKING pc=0x00000257ed9ac076 sp=0x000000eb4aafe3d0
Event: 32.859 Thread 0x000002578433f000 DEOPT UNPACKING pc=0x00000257ecd172ce sp=0x000000eb4aafd8f0 mode 0
Event: 33.891 Thread 0x00000257860c4800 Uncommon trap: trap_request=0xffffff4d fr.pc=0x00000257f4843d3c relative=0x000000000000009c
Event: 33.891 Thread 0x00000257860c4800 Uncommon trap: reason=unstable_if action=reinterpret pc=0x00000257f4843d3c method=java.nio.Buffer.position(I)Ljava/nio/Buffer; @ 45 c2
Event: 33.891 Thread 0x00000257860c4800 DEOPT PACKING pc=0x00000257f4843d3c sp=0x000000eb493fa110
Event: 33.891 Thread 0x00000257860c4800 DEOPT UNPACKING pc=0x00000257ecd174af sp=0x000000eb493fa098 mode 2
Event: 33.967 Thread 0x00000257860c4800 DEOPT PACKING pc=0x00000257ed584dda sp=0x000000eb493fa140
Event: 33.967 Thread 0x00000257860c4800 DEOPT UNPACKING pc=0x00000257ecd172ce sp=0x000000eb493f95c8 mode 0

Classes redefined (0 events):
No events

Internal exceptions (20 events):
Event: 26.476 Thread 0x0000025784342800 Exception <a 'sun/nio/fs/WindowsException'{0x000000008da4b598}> (0x000000008da4b598) thrown at [./src/hotspot/share/prims/jni.cpp, line 615]
Event: 26.484 Thread 0x0000025784340000 Exception <a 'sun/nio/fs/WindowsException'{0x000000008c21e5f8}> (0x000000008c21e5f8) thrown at [./src/hotspot/share/prims/jni.cpp, line 615]
Event: 26.487 Thread 0x000002578433c000 Exception <a 'sun/nio/fs/WindowsException'{0x000000008c247600}> (0x000000008c247600) thrown at [./src/hotspot/share/prims/jni.cpp, line 615]
Event: 26.487 Thread 0x000002578433d800 Exception <a 'sun/nio/fs/WindowsException'{0x000000008c287128}> (0x000000008c287128) thrown at [./src/hotspot/share/prims/jni.cpp, line 615]
Event: 26.501 Thread 0x0000025784340000 Exception <a 'sun/nio/fs/WindowsException'{0x000000008c21e840}> (0x000000008c21e840) thrown at [./src/hotspot/share/prims/jni.cpp, line 615]
Event: 26.503 Thread 0x000002578433c000 Exception <a 'sun/nio/fs/WindowsException'{0x000000008c2477a8}> (0x000000008c2477a8) thrown at [./src/hotspot/share/prims/jni.cpp, line 615]
Event: 26.533 Thread 0x0000025784337000 Exception <a 'sun/nio/fs/WindowsException'{0x000000008b6098c8}> (0x000000008b6098c8) thrown at [./src/hotspot/share/prims/jni.cpp, line 615]
Event: 26.537 Thread 0x0000025784337000 Exception <a 'sun/nio/fs/WindowsException'{0x000000008b609aa0}> (0x000000008b609aa0) thrown at [./src/hotspot/share/prims/jni.cpp, line 615]
Event: 26.538 Thread 0x0000025784340800 Exception <a 'sun/nio/fs/WindowsException'{0x000000008b67f840}> (0x000000008b67f840) thrown at [./src/hotspot/share/prims/jni.cpp, line 615]
Event: 26.549 Thread 0x0000025784340800 Exception <a 'sun/nio/fs/WindowsException'{0x000000008b67fa18}> (0x000000008b67fa18) thrown at [./src/hotspot/share/prims/jni.cpp, line 615]
Event: 26.581 Thread 0x0000025784341800 Exception <a 'sun/nio/fs/WindowsException'{0x000000008e100c98}> (0x000000008e100c98) thrown at [./src/hotspot/share/prims/jni.cpp, line 615]
Event: 26.583 Thread 0x0000025784341800 Exception <a 'sun/nio/fs/WindowsException'{0x000000008e100e20}> (0x000000008e100e20) thrown at [./src/hotspot/share/prims/jni.cpp, line 615]
Event: 26.605 Thread 0x0000025784343000 Exception <a 'sun/nio/fs/WindowsException'{0x000000008da351f8}> (0x000000008da351f8) thrown at [./src/hotspot/share/prims/jni.cpp, line 615]
Event: 26.607 Thread 0x0000025784343000 Exception <a 'sun/nio/fs/WindowsException'{0x000000008da35380}> (0x000000008da35380) thrown at [./src/hotspot/share/prims/jni.cpp, line 615]
Event: 26.690 Thread 0x000002578433c800 Exception <a 'sun/nio/fs/WindowsException'{0x000000008bd174d8}> (0x000000008bd174d8) thrown at [./src/hotspot/share/prims/jni.cpp, line 615]
Event: 26.696 Thread 0x000002578433c800 Exception <a 'sun/nio/fs/WindowsException'{0x000000008bd17680}> (0x000000008bd17680) thrown at [./src/hotspot/share/prims/jni.cpp, line 615]
Event: 26.961 Thread 0x0000025784344000 Exception <a 'sun/nio/fs/WindowsException'{0x000000008aea2f20}> (0x000000008aea2f20) thrown at [./src/hotspot/share/prims/jni.cpp, line 615]
Event: 26.963 Thread 0x0000025784344000 Exception <a 'sun/nio/fs/WindowsException'{0x000000008aea3098}> (0x000000008aea3098) thrown at [./src/hotspot/share/prims/jni.cpp, line 615]
Event: 33.043 Thread 0x000002578433f000 Exception <a 'sun/nio/fs/WindowsException'{0x0000000090460df0}> (0x0000000090460df0) thrown at [./src/hotspot/share/prims/jni.cpp, line 615]
Event: 33.045 Thread 0x000002578433f000 Exception <a 'sun/nio/fs/WindowsException'{0x0000000090460fa8}> (0x0000000090460fa8) thrown at [./src/hotspot/share/prims/jni.cpp, line 615]

Events (20 events):
Event: 29.805 Executing VM operation: G1CollectForAllocation
Event: 29.808 Executing VM operation: G1CollectForAllocation done
Event: 30.717 Executing VM operation: G1CollectForAllocation
Event: 30.729 Executing VM operation: G1CollectForAllocation done
Event: 31.405 Executing VM operation: G1CollectForAllocation
Event: 31.415 Executing VM operation: G1CollectForAllocation done
Event: 32.193 Executing VM operation: G1CollectForAllocation
Event: 32.204 Executing VM operation: G1CollectForAllocation done
Event: 32.965 Executing VM operation: G1CollectForAllocation
Event: 32.979 Executing VM operation: G1CollectForAllocation done
Event: 33.057 loading class org/gradle/cache/internal/btree/BTreePersistentIndexedCache$DataBlockUpdateResult
Event: 33.057 loading class org/gradle/cache/internal/btree/BTreePersistentIndexedCache$DataBlockUpdateResult done
Event: 33.587 loading class org/gradle/internal/snapshot/VfsRelativePath
Event: 33.587 loading class org/gradle/internal/snapshot/VfsRelativePath done
Event: 33.589 loading class org/gradle/internal/snapshot/VfsRelativePath
Event: 33.589 loading class org/gradle/internal/snapshot/VfsRelativePath done
Event: 34.782 Executing VM operation: G1CollectForAllocation
Event: 34.958 Executing VM operation: G1CollectForAllocation done
Event: 35.907 Executing VM operation: G1CollectForAllocation
Event: 35.954 Executing VM operation: G1CollectForAllocation done


Dynamic libraries:
0x00007ff7b3be0000 - 0x00007ff7b3bea000 	C:\Program Files\Android\Android Studio\jre\bin\java.exe
0x00007ffcfb690000 - 0x00007ffcfb885000 	C:\WINDOWS\SYSTEM32\ntdll.dll
0x00007ffcf9870000 - 0x00007ffcf992d000 	C:\WINDOWS\System32\KERNEL32.DLL
0x00007ffcf91b0000 - 0x00007ffcf9478000 	C:\WINDOWS\System32\KERNELBASE.dll
0x00007ffcf8dd0000 - 0x00007ffcf8ed0000 	C:\WINDOWS\System32\ucrtbase.dll
0x00007ffcf3610000 - 0x00007ffcf3627000 	C:\Program Files\Android\Android Studio\jre\bin\VCRUNTIME140.dll
0x00007ffcf2aa0000 - 0x00007ffcf2ab9000 	C:\Program Files\Android\Android Studio\jre\bin\jli.dll
0x00007ffcfab10000 - 0x00007ffcfacb0000 	C:\WINDOWS\System32\USER32.dll
0x00007ffcf90b0000 - 0x00007ffcf90d2000 	C:\WINDOWS\System32\win32u.dll
0x00007ffcfa8a0000 - 0x00007ffcfa8ca000 	C:\WINDOWS\System32\GDI32.dll
0x00007ffce5010000 - 0x00007ffce52aa000 	C:\WINDOWS\WinSxS\amd64_microsoft.windows.common-controls_6595b64144ccf1df_6.0.19041.844_none_ca00b6081b84eb1d\COMCTL32.dll
0x00007ffcf9480000 - 0x00007ffcf958b000 	C:\WINDOWS\System32\gdi32full.dll
0x00007ffcfa740000 - 0x00007ffcfa7de000 	C:\WINDOWS\System32\msvcrt.dll
0x00007ffcf8fe0000 - 0x00007ffcf907d000 	C:\WINDOWS\System32\msvcp_win.dll
0x00007ffcf9930000 - 0x00007ffcf9960000 	C:\WINDOWS\System32\IMM32.DLL
0x00007ffcdfd80000 - 0x00007ffcdfe1d000 	C:\Program Files\Android\Android Studio\jre\bin\msvcp140.dll
0x00007ffcbfe70000 - 0x00007ffcc092c000 	C:\Program Files\Android\Android Studio\jre\bin\server\jvm.dll
0x00007ffcfa7f0000 - 0x00007ffcfa89c000 	C:\WINDOWS\System32\ADVAPI32.dll
0x00007ffcf9f20000 - 0x00007ffcf9fbb000 	C:\WINDOWS\System32\sechost.dll
0x00007ffcfa610000 - 0x00007ffcfa73b000 	C:\WINDOWS\System32\RPCRT4.dll
0x00007ffcfa020000 - 0x00007ffcfa028000 	C:\WINDOWS\System32\PSAPI.DLL
0x00007ffce24a0000 - 0x00007ffce24a9000 	C:\WINDOWS\SYSTEM32\WSOCK32.dll
0x00007ffcfb460000 - 0x00007ffcfb4cb000 	C:\WINDOWS\System32\WS2_32.dll
0x00007ffce6330000 - 0x00007ffce633a000 	C:\WINDOWS\SYSTEM32\VERSION.dll
0x00007ffcef8d0000 - 0x00007ffcef8f7000 	C:\WINDOWS\SYSTEM32\WINMM.dll
0x00007ffcf76f0000 - 0x00007ffcf7702000 	C:\WINDOWS\SYSTEM32\kernel.appcore.dll
0x00007ffcf3800000 - 0x00007ffcf3811000 	C:\Program Files\Android\Android Studio\jre\bin\verify.dll
0x00007ffcf7480000 - 0x00007ffcf7664000 	C:\WINDOWS\SYSTEM32\DBGHELP.DLL
0x00007ffcf1760000 - 0x00007ffcf178c000 	C:\WINDOWS\SYSTEM32\dbgcore.DLL
0x00007ffcf90e0000 - 0x00007ffcf9160000 	C:\WINDOWS\System32\bcryptPrimitives.dll
0x00007ffcf37d0000 - 0x00007ffcf37f9000 	C:\Program Files\Android\Android Studio\jre\bin\java.dll
0x00007ffcf3c50000 - 0x00007ffcf3c5b000 	C:\Program Files\Android\Android Studio\jre\bin\jimage.dll
0x00007ffcf3550000 - 0x00007ffcf3568000 	C:\Program Files\Android\Android Studio\jre\bin\zip.dll
0x00007ffcfacb0000 - 0x00007ffcfb3f2000 	C:\WINDOWS\System32\SHELL32.dll
0x00007ffcf6cf0000 - 0x00007ffcf7480000 	C:\WINDOWS\SYSTEM32\windows.storage.dll
0x00007ffcf9a10000 - 0x00007ffcf9d65000 	C:\WINDOWS\System32\combase.dll
0x00007ffcf8770000 - 0x00007ffcf879c000 	C:\WINDOWS\SYSTEM32\Wldp.dll
0x00007ffcf9960000 - 0x00007ffcf9a0e000 	C:\WINDOWS\System32\SHCORE.dll
0x00007ffcf9fc0000 - 0x00007ffcfa015000 	C:\WINDOWS\System32\shlwapi.dll
0x00007ffcf8d10000 - 0x00007ffcf8d2f000 	C:\WINDOWS\SYSTEM32\profapi.dll
0x00007ffcf3530000 - 0x00007ffcf354a000 	C:\Program Files\Android\Android Studio\jre\bin\net.dll
0x00007ffcefea0000 - 0x00007ffceffab000 	C:\WINDOWS\SYSTEM32\WINHTTP.dll
0x00007ffcf84e0000 - 0x00007ffcf854a000 	C:\WINDOWS\system32\mswsock.dll
0x00007ffcf3190000 - 0x00007ffcf31a4000 	C:\Program Files\Android\Android Studio\jre\bin\nio.dll
0x00007ffcf2b60000 - 0x00007ffcf2b87000 	C:\Users\rissl\.gradle\native\fdc75f09e3144964f2cf3f50f0aa648679c211496f362492102eb8c894070792\windows-amd64\native-platform.dll
0x00007ffcc6300000 - 0x00007ffcc6496000 	C:\Users\rissl\.gradle\native\12488b8bf47d2d4c9fbf2f6322a914ad602e24e48041cd04a747c6da556b65c4\windows-amd64\native-platform-file-events.dll
0x00007ffcf3c00000 - 0x00007ffcf3c0a000 	C:\Program Files\Android\Android Studio\jre\bin\management.dll
0x00007ffcf3880000 - 0x00007ffcf388c000 	C:\Program Files\Android\Android Studio\jre\bin\management_ext.dll
0x00007ffcf86b0000 - 0x00007ffcf86c8000 	C:\WINDOWS\SYSTEM32\CRYPTSP.dll
0x00007ffcf7e80000 - 0x00007ffcf7eb4000 	C:\WINDOWS\system32\rsaenh.dll
0x00007ffcf9080000 - 0x00007ffcf90a7000 	C:\WINDOWS\System32\bcrypt.dll
0x00007ffcf8cd0000 - 0x00007ffcf8cfe000 	C:\WINDOWS\SYSTEM32\USERENV.dll
0x00007ffcf86d0000 - 0x00007ffcf86dc000 	C:\WINDOWS\SYSTEM32\CRYPTBASE.dll
0x00007ffcf81d0000 - 0x00007ffcf820b000 	C:\WINDOWS\SYSTEM32\IPHLPAPI.DLL
0x00007ffcfa7e0000 - 0x00007ffcfa7e8000 	C:\WINDOWS\System32\NSI.dll
0x00007ffcf04d0000 - 0x00007ffcf04e7000 	C:\WINDOWS\SYSTEM32\dhcpcsvc6.DLL
0x00007ffcf1340000 - 0x00007ffcf135d000 	C:\WINDOWS\SYSTEM32\dhcpcsvc.DLL
0x00007ffcf8210000 - 0x00007ffcf82dc000 	C:\WINDOWS\SYSTEM32\DNSAPI.dll
0x00007ffcf2770000 - 0x00007ffcf277b000 	C:\WINDOWS\SYSTEM32\WINNSI.DLL

dbghelp: loaded successfully - version: 4.0.5 - missing functions: none
symbol engine: initialized successfully - sym options: 0x614 - pdb path: .;C:\Program Files\Android\Android Studio\jre\bin;C:\WINDOWS\SYSTEM32;C:\WINDOWS\WinSxS\amd64_microsoft.windows.common-controls_6595b64144ccf1df_6.0.19041.844_none_ca00b6081b84eb1d;C:\Program Files\Android\Android Studio\jre\bin\server;C:\Users\rissl\.gradle\native\fdc75f09e3144964f2cf3f50f0aa648679c211496f362492102eb8c894070792\windows-amd64;C:\Users\rissl\.gradle\native\12488b8bf47d2d4c9fbf2f6322a914ad602e24e48041cd04a747c6da556b65c4\windows-amd64

VM Arguments:
jvm_args: --add-opens=java.base/java.util=ALL-UNNAMED --add-opens=java.base/java.lang=ALL-UNNAMED --add-opens=java.base/java.lang.invoke=ALL-UNNAMED --add-opens=java.prefs/java.util.prefs=ALL-UNNAMED -Xmx2048m -Dfile.encoding=UTF-8 -Duser.country=SE -Duser.language=sv -Duser.variant 
java_command: org.gradle.launcher.daemon.bootstrap.GradleDaemon 6.7.1
java_class_path (initial): C:\Users\rissl\.gradle\wrapper\dists\gradle-6.7.1-bin\bwlcbys1h7rz3272sye1xwiv6\gradle-6.7.1\lib\gradle-launcher-6.7.1.jar
Launcher Type: SUN_STANDARD

[Global flags]
     intx CICompilerCount                          = 3                                         {product} {ergonomic}
     uint ConcGCThreads                            = 1                                         {product} {ergonomic}
     uint G1ConcRefinementThreads                  = 4                                         {product} {ergonomic}
   size_t G1HeapRegionSize                         = 1048576                                   {product} {ergonomic}
    uintx GCDrainStackTargetSize                   = 64                                        {product} {ergonomic}
   size_t InitialHeapSize                          = 132120576                                 {product} {ergonomic}
   size_t MarkStackSize                            = 4194304                                   {product} {ergonomic}
   size_t MaxHeapSize                              = 2147483648                                {product} {command line}
   size_t MaxNewSize                               = 1287651328                                {product} {ergonomic}
   size_t MinHeapDeltaBytes                        = 1048576                                   {product} {ergonomic}
    uintx NonNMethodCodeHeapSize                   = 5830732                                {pd product} {ergonomic}
    uintx NonProfiledCodeHeapSize                  = 122913754                              {pd product} {ergonomic}
    uintx ProfiledCodeHeapSize                     = 122913754                              {pd product} {ergonomic}
    uintx ReservedCodeCacheSize                    = 251658240                              {pd product} {ergonomic}
     bool SegmentedCodeCache                       = true                                      {product} {ergonomic}
     bool UseCompressedClassPointers               = true                                 {lp64_product} {ergonomic}
     bool UseCompressedOops                        = true                                 {lp64_product} {ergonomic}
     bool UseG1GC                                  = true                                      {product} {ergonomic}
     bool UseLargePagesIndividualAllocation        = false                                  {pd product} {ergonomic}

Logging:
Log output configuration:
 #0: stdout all=warning uptime,level,tags
 #1: stderr all=off uptime,level,tags

Environment Variables:
JAVA_HOME=C:\Program Files\Java\jdk-11.0.5
PATH=C:\Program Files\Java\jdk-11.0.5\bin;C:\Program Files (x86)\Intel\iCLS Client\;C:\Program Files\Intel\iCLS Client\;C:\WINDOWS\system32;C:\WINDOWS;C:\WINDOWS\System32\Wbem;C:\WINDOWS\System32\WindowsPowerShell\v1.0\;C:\Program Files (x86)\Intel\Intel(R) Management Engine Components\DAL;C:\Program Files\Intel\Intel(R) Management Engine Components\DAL;C:\Program Files (x86)\Intel\Intel(R) Management Engine Components\IPT;C:\Program Files\Intel\Intel(R) Management Engine Components\IPT;C:\WINDOWS\System32\OpenSSH\;C:\Program Files\Microsoft SQL Server\130\Tools\Binn\;C:\Program Files\Git\cmd;C:\MinGW\bin;C:\Program Files (x86)\Common Files\Oracle\Java\javapath;C:\Program Files\nodejs\;C:\apache-maven-3.6.3-bin\apache-maven-3.6.3\bin;C:\Program Files\IBM\SPSS\Statistics\25\JRE\bin;C:\Program Files\php-8.0.5;C:\Python3.9.5\Scripts\;C:\Python3.9.5\Scripts\;C:\Python3.9.5\;C:\Users\rissl\AppData\Local\Microsoft\WindowsApps;C:\Program Files\JetBrains\CLion 2018.3.3\bin;C:\Program Files\JetBrains\WebStorm 2019.1.3\bin;C:\Users\rissl\AppData\Roaming\npm;C:\Users\rissl\AppData\Local\atom\bin;C:\Program Files\Docker Toolbox;C:\Users\rissl\AppData\Local\Programs\Microsoft VS Code\bin;C:\Users\rissl\AppData\Local\Microsoft\WindowsApps
USERNAME=rissl
OS=Windows_NT
PROCESSOR_IDENTIFIER=Intel64 Family 6 Model 78 Stepping 3, GenuineIntel



---------------  S Y S T E M  ---------------

OS: Windows 10 , 64 bit Build 19041 (10.0.19041.928)
OS uptime: 26 days 12:25 hours

CPU:total 4 (initial active 4) (2 cores per cpu, 2 threads per core) family 6 model 78 stepping 3, cmov, cx8, fxsr, mmx, sse, sse2, sse3, ssse3, sse4.1, sse4.2, popcnt, avx, avx2, aes, clmul, erms, 3dnowpref, lzcnt, ht, tsc, tscinvbit, bmi1, bmi2, adx, fma

Memory: 4k page, system-wide physical 7989M (263M free)
TotalPageFile size 23092M (AvailPageFile size 73M)
current process WorkingSet (physical memory assigned to process): 371M, peak: 482M
current process commit charge ("private bytes"): 792M, peak: 865M

vm_info: OpenJDK 64-Bit Server VM (11.0.8+10-b944.6842174) for windows-amd64 JRE (11.0.8+10-b944.6842174), built on Sep 19 2020 01:11:42 by "builder" with MS VC++ 14.0 (VS2015)

END.
